<?xml version="1.0" encoding="UTF-8"?>
<!-- Generated by org.testng.reporters.JUnitReportReporter -->
<testsuite hostname="DESKTOP-Q1BOVCQ" failures="0" tests="4" name="tests.XMLParameterisedTests" time="0.011" errors="0" timestamp="2024-12-16T08:26:05 IST" skipped="1">
  <testcase classname="tests.XMLParameterisedTests" name="fetchData" time="0.001"/>
  <testcase classname="tests.XMLParameterisedTests" name="fetchData" time="0.009"/>
  <testcase classname="tests.XMLParameterisedTests" name="fetchData" time="0.001"/>
  <testcase classname="tests.XMLParameterisedTests" name="getURL">
    <skipped/>
  </testcase> <!-- getURL -->
</testsuite> <!-- tests.XMLParameterisedTests -->
